# JRE version: OpenJDK Runtime Environment (11.0+28) (build 11+28)
# Java VM: OpenJDK 64-Bit Server VM (11+28, mixed mode, tiered, compressed oops, g1 gc, windows-amd64)
Heap:
 garbage-first heap   total 157696K, used 16920K [0x0000000080c00000, 0x0000000100000000)
  region size 1024K, 9 young (9216K), 9 survivors (9216K)
 Metaspace       used 44030K, capacity 45042K, committed 45104K, reserved 1097728K
  class space    used 5310K, capacity 5721K, committed 5760K, reserved 1048576K
GC Heap History (10 events):
Event: 2.166 GC heap before
{Heap before GC invocations=3 (full 0):
 garbage-first heap   total 131072K, used 19570K [0x0000000080c00000, 0x0000000100000000)
  region size 1024K, 15 young (15360K), 2 survivors (2048K)
 Metaspace       used 20752K, capacity 21194K, committed 21296K, reserved 1069056K
  class space    used 2234K, capacity 2399K, committed 2432K, reserved 1048576K
}
Event: 2.169 GC heap after
{Heap after GC invocations=4 (full 0):
 garbage-first heap   total 131072K, used 8781K [0x0000000080c00000, 0x0000000100000000)
  region size 1024K, 3 young (3072K), 3 survivors (3072K)
 Metaspace       used 20752K, capacity 21194K, committed 21296K, reserved 1069056K
  class space    used 2234K, capacity 2399K, committed 2432K, reserved 1048576K
}
Event: 2.530 GC heap before
{Heap before GC invocations=5 (full 0):
 garbage-first heap   total 131072K, used 54861K [0x0000000080c00000, 0x0000000100000000)
  region size 1024K, 49 young (50176K), 3 survivors (3072K)
 Metaspace       used 23607K, capacity 24170K, committed 24368K, reserved 1071104K
  class space    used 2616K, capacity 2818K, committed 2944K, reserved 1048576K
}
Event: 2.534 GC heap after
{Heap after GC invocations=6 (full 0):
 garbage-first heap   total 131072K, used 9700K [0x0000000080c00000, 0x0000000100000000)
  region size 1024K, 4 young (4096K), 4 survivors (4096K)
 Metaspace       used 23607K, capacity 24170K, committed 24368K, reserved 1071104K
  class space    used 2616K, capacity 2818K, committed 2944K, reserved 1048576K
}
Event: 4.330 GC heap before
{Heap before GC invocations=6 (full 0):
 garbage-first heap   total 131072K, used 77284K [0x0000000080c00000, 0x0000000100000000)
  region size 1024K, 71 young (72704K), 4 survivors (4096K)
 Metaspace       used 30086K, capacity 30864K, committed 31152K, reserved 1077248K
  class space    used 3410K, capacity 3726K, committed 3840K, reserved 1048576K
}
Event: 4.337 GC heap after
{Heap after GC invocations=7 (full 0):
 garbage-first heap   total 131072K, used 12456K [0x0000000080c00000, 0x0000000100000000)
  region size 1024K, 6 young (6144K), 6 survivors (6144K)
 Metaspace       used 30086K, capacity 30864K, committed 31152K, reserved 1077248K
  class space    used 3410K, capacity 3726K, committed 3840K, reserved 1048576K
}
Event: 5.246 GC heap before
{Heap before GC invocations=7 (full 0):
 garbage-first heap   total 131072K, used 77992K [0x0000000080c00000, 0x0000000100000000)
  region size 1024K, 72 young (73728K), 6 survivors (6144K)
 Metaspace       used 34786K, capacity 35724K, committed 35888K, reserved 1081344K
  class space    used 3982K, capacity 4367K, committed 4480K, reserved 1048576K
}
Event: 5.260 GC heap after
{Heap after GC invocations=8 (full 0):
 garbage-first heap   total 157696K, used 14633K [0x0000000080c00000, 0x0000000100000000)
  region size 1024K, 8 young (8192K), 8 survivors (8192K)
 Metaspace       used 34786K, capacity 35724K, committed 35888K, reserved 1081344K
  class space    used 3982K, capacity 4367K, committed 4480K, reserved 1048576K
}
Event: 6.833 GC heap before
{Heap before GC invocations=9 (full 0):
 garbage-first heap   total 157696K, used 62761K [0x0000000080c00000, 0x0000000100000000)
  region size 1024K, 56 young (57344K), 8 survivors (8192K)
 Metaspace       used 44030K, capacity 45042K, committed 45104K, reserved 1095680K
  class space    used 5310K, capacity 5721K, committed 5760K, reserved 1048576K
}
Event: 6.847 GC heap after
{Heap after GC invocations=10 (full 0):
 garbage-first heap   total 157696K, used 16920K [0x0000000080c00000, 0x0000000100000000)
  region size 1024K, 9 young (9216K), 9 survivors (9216K)
 Metaspace       used 44030K, capacity 45042K, committed 45104K, reserved 1095680K
  class space    used 5310K, capacity 5721K, committed 5760K, reserved 1048576K
}

